This is pdfTeX, Version 3.141592653-2.6-1.40.28 (MiKTeX 25.12) (preloaded format=pdflatex 2026.7.14)  24 JUL 2026 17:50
entering extended mode
 restricted \write18 enabled.
 file:line:error style messages enabled.
 %&-line parsing enabled.
**c:/Users/elena/OneDrive/TFG/memoria/proyecto.tex
(c:/Users/elena/OneDrive/TFG/memoria/proyecto.tex
LaTeX2e <2025-11-01>
L3 programming layer <2025-12-24>
(C:\Users\elena\AppData\Local\Programs\MiKTeX\tex/latex/base\book.cls
Document Class: book 2025/01/22 v1.4n Standard LaTeX document class
(C:\Users\elena\AppData\Local\Programs\MiKTeX\tex/latex/base\bk11.clo
File: bk11.clo 2025/01/22 v1.4n Standard LaTeX file (size option)
)
\c@part=\count275
\c@chapter=\count276
\c@section=\count277
\c@subsection=\count278
\c@subsubsection=\count279
\c@paragraph=\count280
\c@subparagraph=\count281
\c@figure=\count282
\c@table=\count283
\abovecaptionskip=\skip49
\belowcaptionskip=\skip50
\bibindent=\dimen148
) (C:\Users\elena\AppData\Local\Programs\MiKTeX\tex/latex/listings\listings.sty (C:\Users\elena\AppData\Local\Programs\MiKTeX\tex/latex/graphics\keyval.sty
Package: keyval 2022/05/29 v1.15 key=value parser (DPC)
\KV@toks@=\toks17
)
\lst@mode=\count284
\lst@gtempboxa=\box53
\lst@token=\toks18
\lst@length=\count285
\lst@currlwidth=\dimen149
\lst@column=\count286
\lst@pos=\count287
\lst@lostspace=\dimen150
\lst@width=\dimen151
\lst@newlines=\count288
\lst@lineno=\count289
\lst@maxwidth=\dimen152
 (C:\Users\elena\AppData\Local\Programs\MiKTeX\tex/latex/listings\lstpatch.sty
File: lstpatch.sty 2025/11/14 1.11b (Carsten Heinz)
) (C:\Users\elena\AppData\Local\Programs\MiKTeX\tex/latex/listings\lstmisc.sty
File: lstmisc.sty 2025/11/14 1.11b (Carsten Heinz)
\c@lstnumber=\count290
\lst@skipnumbers=\count291
\lst@framebox=\box54
) (C:\Users\elena\AppData\Local\Programs\MiKTeX\tex/latex/listings\listings.cfg
File: listings.cfg 2025/11/14 1.11b listings configuration
))
Package: listings 2025/11/14 1.11b (Carsten Heinz)

==> First Aid for listings.sty no longer applied!
    Expected:
        2024/09/23 1.10c (Carsten Heinz)
    but found:
        2025/11/14 1.11b (Carsten Heinz)
    so I'm assuming it got fixed.
(C:\Users\elena\AppData\Local\Programs\MiKTeX\tex/latex/base\inputenc.sty
Package: inputenc 2024/02/08 v1.3d Input encoding file
\inpenc@prehook=\toks19
\inpenc@posthook=\toks20
) (C:\Users\elena\AppData\Local\Programs\MiKTeX\tex/latex/tipa\tipa.sty
Package: tipa 2002/08/08 TIPA version 1.1
 (C:\Users\elena\AppData\Local\Programs\MiKTeX\tex/latex/base\fontenc.sty
Package: fontenc 2025/07/18 v2.1d Standard LaTeX package
 (C:\Users\elena\AppData\Local\Programs\MiKTeX\tex/latex/tipa\t3enc.def
File: t3enc.def 2001/12/31 T3 encoding
Now handling font encoding T3 ...
... no UTF-8 mapping file for font encoding T3
))
LaTeX Encoding Info:    Redeclaring text command \textdotbreve (encoding ?) on input line 336.
) (C:\Users\elena\AppData\Local\Programs\MiKTeX\tex/generic/babel\babel.sty
Package: babel 2025/12/11 v25.17 The multilingual framework for LuaLaTeX, pdfLaTeX and XeLaTeX
\babel@savecnt=\count292
LaTeX Encoding Info:    Redeclaring text command \ij (encoding OT1) on input line 2068.
LaTeX Encoding Info:    Redeclaring text command \IJ (encoding OT1) on input line 2070.
LaTeX Encoding Info:    Redeclaring text command \ij (encoding T1) on input line 2072.
LaTeX Encoding Info:    Redeclaring text command \IJ (encoding T1) on input line 2073.
LaTeX Encoding Info:    Ignoring declaration for text command \ij (encoding ?) on input line 2074.
LaTeX Encoding Info:    Ignoring declaration for text command \IJ (encoding ?) on input line 2076.
LaTeX Encoding Info:    Ignoring declaration for text command \SS (encoding ?) on input line 2101.
\U@D=\dimen153
\l@unhyphenated=\language79
 (C:\Users\elena\AppData\Local\Programs\MiKTeX\tex/generic/babel\txtbabel.def)
\bbl@readstream=\read2
\bbl@dirlevel=\count293
Package babel Info: Configuration files are deprecated, as
(babel)             they can break document portability.
(babel)             Reported on input line 4196.

*************************************
* Local config file bblopts.cfg used
*
(C:\Users\elena\AppData\Local\Programs\MiKTeX\tex/latex/arabi\bblopts.cfg
File: bblopts.cfg 2005/09/08 v0.1 add Arabic and Farsi to "declared" options of babel
) (C:\Users\elena\AppData\Local\Programs\MiKTeX\tex/generic/babel/locale/es\babel-spanish.tex)
Package babel Info: Importing font and identification data for spanish
(babel)             from babel-es.ini. Reported on input line 4320.
 (C:\Users\elena\AppData\Local\Programs\MiKTeX\tex/latex/babel-spanish\spanish.ldf
Language: spanish.ldf 2021/05/27 v5.0q Spanish support from the babel system
\es@quottoks=\toks21
\es@quotdepth=\count294
Package babel Info: Making " an active character on input line 570.
Package babel Info: Making . an active character on input line 675.
Package babel Info: Making < an active character on input line 722.
Package babel Info: Making > an active character on input line 722.
))
LaTeX Encoding Info:    Redeclaring text command \guillemotleft (encoding OT1) on input line 7.
LaTeX Encoding Info:    Redeclaring text command \guillemotright (encoding OT1) on input line 7.
 (C:\Users\elena\AppData\Local\Programs\MiKTeX\tex/latex/enumitem\enumitem.sty
Package: enumitem 2025/02/06 v3.11 Customized lists
\labelindent=\skip51
\enit@outerparindent=\dimen154
\enit@toks=\toks22
\enit@inbox=\box55
\enit@count@id=\count295
\enitdp@description=\count296
) (C:\Users\elena\AppData\Local\Programs\MiKTeX\tex/latex/xcolor\xcolor.sty
Package: xcolor 2024/09/29 v3.02 LaTeX color extensions (UK)
 (C:\Users\elena\AppData\Local\Programs\MiKTeX\tex/latex/graphics-cfg\color.cfg
File: color.cfg 2016/01/02 v1.6 sample color configuration
)
Package xcolor Info: Driver file: pdftex.def on input line 274.
 (C:\Users\elena\AppData\Local\Programs\MiKTeX\tex/latex/graphics-def\pdftex.def
File: pdftex.def 2025/09/29 v1.2d Graphics/color driver for pdftex
) (C:\Users\elena\AppData\Local\Programs\MiKTeX\tex/latex/graphics\mathcolor.ltx)
Package xcolor Info: Model `cmy' substituted by `cmy0' on input line 1349.
Package xcolor Info: Model `hsb' substituted by `rgb' on input line 1353.
Package xcolor Info: Model `RGB' extended on input line 1365.
Package xcolor Info: Model `HTML' substituted by `rgb' on input line 1367.
Package xcolor Info: Model `Hsb' substituted by `hsb' on input line 1368.
Package xcolor Info: Model `tHsb' substituted by `hsb' on input line 1369.
Package xcolor Info: Model `HSB' substituted by `hsb' on input line 1370.
Package xcolor Info: Model `Gray' substituted by `gray' on input line 1371.
Package xcolor Info: Model `wave' substituted by `hsb' on input line 1372.
) (C:\Users\elena\AppData\Local\Programs\MiKTeX\tex/latex/colortbl\colortbl.sty
Package: colortbl 2026/05/01 v1.0l Color table columns (DPC)
 (C:\Users\elena\AppData\Local\Programs\MiKTeX\tex/latex/tools\array.sty
Package: array 2025/09/25 v2.6n Tabular extension package (FMi)
\col@sep=\dimen155
\ar@mcellbox=\box56
\extrarowheight=\dimen156
\NC@list=\toks23
\extratabsurround=\skip52
\backup@length=\skip53
\ar@cellbox=\box57
)
\everycr=\toks24
\minrowclearance=\skip54
\rownum=\count297
) (C:\Users\elena\AppData\Local\Programs\MiKTeX\tex/latex/notoccite\notoccite.sty
Package: notoccite 2000/07/20
) (C:\Users\elena\AppData\Local\Programs\MiKTeX\tex/latex/eurosym\eurosym.sty
Package: eurosym 1998/08/06 v1.1 European currency symbol ``Euro''
\@eurobox=\box58
) (C:\Users\elena\AppData\Local\Programs\MiKTeX\tex/latex/amsmath\amsmath.sty
Package: amsmath 2025/07/09 v2.17z AMS math features
\@mathmargin=\skip55

For additional information on amsmath, use the `?' option.
(C:\Users\elena\AppData\Local\Programs\MiKTeX\tex/latex/amsmath\amstext.sty
Package: amstext 2024/11/17 v2.01 AMS text
 (C:\Users\elena\AppData\Local\Programs\MiKTeX\tex/latex/amsmath\amsgen.sty
File: amsgen.sty 1999/11/30 v2.0 generic functions
\@emptytoks=\toks25
\ex@=\dimen157
)) (C:\Users\elena\AppData\Local\Programs\MiKTeX\tex/latex/amsmath\amsbsy.sty
Package: amsbsy 1999/11/29 v1.2d Bold Symbols
\pmbraise@=\dimen158
) (C:\Users\elena\AppData\Local\Programs\MiKTeX\tex/latex/amsmath\amsopn.sty
Package: amsopn 2022/04/08 v2.04 operator names
)
\inf@bad=\count298
LaTeX Info: Redefining \frac on input line 233.
\uproot@=\count299
\leftroot@=\count300
LaTeX Info: Redefining \overline on input line 398.
LaTeX Info: Redefining \colon on input line 409.
\classnum@=\count301
\DOTSCASE@=\count302
LaTeX Info: Redefining \ldots on input line 495.
LaTeX Info: Redefining \dots on input line 498.
LaTeX Info: Redefining \cdots on input line 619.
\Mathstrutbox@=\box59
\strutbox@=\box60
LaTeX Info: Redefining \big on input line 721.
LaTeX Info: Redefining \Big on input line 722.
LaTeX Info: Redefining \bigg on input line 723.
LaTeX Info: Redefining \Bigg on input line 724.
\big@size=\dimen159
LaTeX Font Info:    Redeclaring font encoding OML on input line 742.
LaTeX Font Info:    Redeclaring font encoding OMS on input line 743.
\macc@depth=\count303
LaTeX Info: Redefining \bmod on input line 904.
LaTeX Info: Redefining \pmod on input line 909.
LaTeX Info: Redefining \smash on input line 939.
LaTeX Info: Redefining \relbar on input line 969.
LaTeX Info: Redefining \Relbar on input line 970.
\c@MaxMatrixCols=\count304
\dotsspace@=\muskip17
\c@parentequation=\count305
\dspbrk@lvl=\count306
\tag@help=\toks26
\row@=\count307
\column@=\count308
\maxfields@=\count309
\andhelp@=\toks27
\eqnshift@=\dimen160
\alignsep@=\dimen161
\tagshift@=\dimen162
\tagwidth@=\dimen163
\totwidth@=\dimen164
\lineht@=\dimen165
\@envbody=\toks28
\multlinegap=\skip56
\multlinetaggap=\skip57
\mathdisplay@stack=\toks29
LaTeX Info: Redefining \[ on input line 2950.
LaTeX Info: Redefining \] on input line 2951.
) (C:\Users\elena\AppData\Local\Programs\MiKTeX\tex/latex/floatrow\floatrow.sty
Package: floatrow 2008/08/02 v0.3b floatrow: float package extension
 (C:\Users\elena\AppData\Local\Programs\MiKTeX\tex/latex/caption\caption3.sty
Package: caption3 2023/07/31 v2.4d caption3 kernel (AR)
\caption@tempdima=\dimen166
\captionmargin=\dimen167
\caption@leftmargin=\dimen168
\caption@rightmargin=\dimen169
\caption@width=\dimen170
\caption@indent=\dimen171
\caption@parindent=\dimen172
\caption@hangindent=\dimen173
Package caption Info: Standard document class detected.
)
\c@float@type=\count310
\float@exts=\toks30
\float@box=\box61
\@floatcapt=\box62
Package floatrow Info: Modified float package code loaded on input line 455.
Package floatrow Info: Modified rotfloat package code loaded on input line 473.
\FR@everyfloat=\toks31
\flrow@foot=\insert252
\FB@wd=\dimen174
\FBo@wd=\dimen175
\FBc@wd=\dimen176
\FBo@ht=\skip58
\FBc@ht=\skip59
\FBf@ht=\skip60
\FBo@max=\skip61
\FBc@max=\skip62
\FBf@max=\skip63
\c@FBl@b=\count311
\floatbox@depth=\count312
\c@FRobj=\count313
\c@FRsobj=\count314
\Xhsize=\skip64
\sXhsize=\skip65
\Zhsize=\skip66
\sZhsize=\skip67
\flrow@rowbox=\box63
\FR@Zunitlength=\dimen177
\c@FBcnt=\count315
\FPOScnt=\count316
\LTleft=\skip68
\LTright=\skip69
\LTleft=\skip70
\LTright=\skip71
\flrow@types=\toks32
) (C:\Users\elena\AppData\Local\Programs\MiKTeX\tex/latex/base\fontenc.sty
Package: fontenc 2025/07/18 v2.1d Standard LaTeX package
) (C:\Users\elena\AppData\Local\Programs\MiKTeX\tex/latex/psnfss\charter.sty
Package: charter 2020/03/25 PSNFSS-v9.3 (P.Dyballa) 
) (C:\Users\elena\AppData\Local\Programs\MiKTeX\tex/latex/tools\tabularx.sty
Package: tabularx 2023/12/11 v2.12a `tabularx' package (DPC)
\TX@col@width=\dimen178
\TX@old@table=\dimen179
\TX@old@col=\dimen180
\TX@target=\dimen181
\TX@delta=\dimen182
\TX@cols=\count317
\TX@ftn=\toks33
) (C:\Users\elena\AppData\Local\Programs\MiKTeX\tex/latex/booktabs\booktabs.sty
Package: booktabs 2020/01/12 v1.61803398 Publication quality tables
\heavyrulewidth=\dimen183
\lightrulewidth=\dimen184
\cmidrulewidth=\dimen185
\belowrulesep=\dimen186
\belowbottomsep=\dimen187
\aboverulesep=\dimen188
\abovetopsep=\dimen189
\cmidrulesep=\dimen190
\cmidrulekern=\dimen191
\defaultaddspace=\dimen192
\@cmidla=\count318
\@cmidlb=\count319
\@aboverulesep=\dimen193
\@belowrulesep=\dimen194
\@thisruleclass=\count320
\@lastruleclass=\count321
\@thisrulewidth=\dimen195
) (C:\Users\elena\AppData\Local\Programs\MiKTeX\tex/latex/setspace\setspace.sty
Package: setspace 2022/12/04 v6.7b set line spacing
) (C:\Users\elena\AppData\Local\Programs\MiKTeX\tex/latex/tools\dcolumn.sty
Package: dcolumn 2025/10/21 v1.06 decimal alignment package (DPC)
) (C:\Users\elena\AppData\Local\Programs\MiKTeX\tex/latex/tools\verbatim.sty
Package: verbatim 2024-01-22 v1.5x LaTeX2e package for verbatim enhancements
\every@verbatim=\toks34
\verbatim@line=\toks35
\verbatim@in@stream=\read3
) (C:\Users\elena\AppData\Local\Programs\MiKTeX\tex/latex/fancyhdr\fancyhdr.sty
Package: fancyhdr 2025/02/07 v5.2 Extensive control of page headers and footers
\f@nch@headwidth=\skip72
\f@nch@offset@elh=\skip73
\f@nch@offset@erh=\skip74
\f@nch@offset@olh=\skip75
\f@nch@offset@orh=\skip76
\f@nch@offset@elf=\skip77
\f@nch@offset@erf=\skip78
\f@nch@offset@olf=\skip79
\f@nch@offset@orf=\skip80
\f@nch@height=\skip81
\f@nch@footalignment=\skip82
\f@nch@widthL=\skip83
\f@nch@widthC=\skip84
\f@nch@widthR=\skip85
\@temptokenb=\toks36
) (C:\Users\elena\AppData\Local\Programs\MiKTeX\tex/latex/graphics\graphicx.sty
Package: graphicx 2024/12/31 v1.2e Enhanced LaTeX Graphics (DPC,SPQR)
 (C:\Users\elena\AppData\Local\Programs\MiKTeX\tex/latex/graphics\graphics.sty
Package: graphics 2024/08/06 v1.4g Standard LaTeX Graphics (DPC,SPQR)
 (C:\Users\elena\AppData\Local\Programs\MiKTeX\tex/latex/graphics\trig.sty
Package: trig 2023/12/02 v1.11 sin cos tan (DPC)
) (C:\Users\elena\AppData\Local\Programs\MiKTeX\tex/latex/graphics-cfg\graphics.cfg
File: graphics.cfg 2016/06/04 v1.11 sample graphics configuration
)
Package graphics Info: Driver file: pdftex.def on input line 106.
)
\Gin@req@height=\dimen196
\Gin@req@width=\dimen197
) (C:\Users\elena\AppData\Local\Programs\MiKTeX\tex/latex/tools\afterpage.sty
Package: afterpage 2023/07/04 v1.08 After-Page Package (DPC)
\AP@output=\toks37
\AP@partial=\box64
\AP@footins=\box65
) (C:\Users\elena\AppData\Local\Programs\MiKTeX\tex/latex/tools\longtable.sty
Package: longtable 2025-10-13 v4.24 Multi-page Table package (DPC)
\LTleft=\skip86
\LTright=\skip87
\LTpre=\skip88
\LTpost=\skip89
\LTchunksize=\count322
\LTcapwidth=\dimen198
\LT@head=\box66
\LT@firsthead=\box67
\LT@foot=\box68
\LT@lastfoot=\box69
\LT@gbox=\box70
\LT@cols=\count323
\LT@rows=\count324
\c@LT@tables=\count325
\c@LT@chunks=\count326
\LT@p@ftn=\toks38
) (C:\Users\elena\AppData\Local\Programs\MiKTeX\tex/latex/lipsum\lipsum.sty (C:\Users\elena\AppData\Local\Programs\MiKTeX\tex/latex/l3packages/l3keys2e\l3keys2e.sty (C:\Users\elena\AppData\Local\Programs\MiKTeX\tex/latex/l3kernel\expl3.sty
Package: expl3 2025-12-24 L3 programming layer (loader) 
 (C:\Users\elena\AppData\Local\Programs\MiKTeX\tex/latex/l3backend\l3backend-pdftex.def
File: l3backend-pdftex.def 2025-10-09 L3 backend support: PDF output (pdfTeX)
\l__color_backend_stack_int=\count327
))
Package: l3keys2e 2025-10-09 LaTeX2e option processing using LaTeX3 keys
)
Package: lipsum 2021-09-20 v2.7 150 paragraphs of Lorem Ipsum dummy text
\g__lipsum_par_int=\count328
\l__lipsum_a_int=\count329
\l__lipsum_b_int=\count330
 (C:\Users\elena\AppData\Local\Programs\MiKTeX\tex/latex/lipsum\lipsum.ltd.tex)) (C:\Users\elena\AppData\Local\Programs\MiKTeX\tex/latex/hyperref\hyperref.sty
Package: hyperref 2025-07-12 v7.01o Hypertext links for LaTeX
 (C:\Users\elena\AppData\Local\Programs\MiKTeX\tex/generic/iftex\iftex.sty
Package: iftex 2024/12/12 v1.0g TeX engine tests
) (C:\Users\elena\AppData\Local\Programs\MiKTeX\tex/latex/kvsetkeys\kvsetkeys.sty
Package: kvsetkeys 2022-10-05 v1.19 Key value parser (HO)
) (C:\Users\elena\AppData\Local\Programs\MiKTeX\tex/generic/kvdefinekeys\kvdefinekeys.sty
Package: kvdefinekeys 2019-12-19 v1.6 Define keys (HO)
) (C:\Users\elena\AppData\Local\Programs\MiKTeX\tex/generic/pdfescape\pdfescape.sty
Package: pdfescape 2019/12/09 v1.15 Implements pdfTeX's escape features (HO)
 (C:\Users\elena\AppData\Local\Programs\MiKTeX\tex/generic/ltxcmds\ltxcmds.sty
Package: ltxcmds 2023-12-04 v1.26 LaTeX kernel commands for general use (HO)
) (C:\Users\elena\AppData\Local\Programs\MiKTeX\tex/generic/pdftexcmds\pdftexcmds.sty
Package: pdftexcmds 2020-06-27 v0.33 Utility functions of pdfTeX for LuaTeX (HO)
 (C:\Users\elena\AppData\Local\Programs\MiKTeX\tex/generic/infwarerr\infwarerr.sty
Package: infwarerr 2019/12/03 v1.5 Providing info/warning/error messages (HO)
)
Package pdftexcmds Info: \pdf@primitive is available.
Package pdftexcmds Info: \pdf@ifprimitive is available.
Package pdftexcmds Info: \pdfdraftmode found.
)) (C:\Users\elena\AppData\Local\Programs\MiKTeX\tex/latex/hycolor\hycolor.sty
Package: hycolor 2020-01-27 v1.10 Color options for hyperref/bookmark (HO)
) (C:\Users\elena\AppData\Local\Programs\MiKTeX\tex/latex/hyperref\nameref.sty
Package: nameref 2025-06-21 v2.57 Cross-referencing by name of section
 (C:\Users\elena\AppData\Local\Programs\MiKTeX\tex/latex/refcount\refcount.sty
Package: refcount 2019/12/15 v3.6 Data extraction from label references (HO)
) (C:\Users\elena\AppData\Local\Programs\MiKTeX\tex/generic/gettitlestring\gettitlestring.sty
Package: gettitlestring 2019/12/15 v1.6 Cleanup title references (HO)
 (C:\Users\elena\AppData\Local\Programs\MiKTeX\tex/latex/kvoptions\kvoptions.sty
Package: kvoptions 2022-06-15 v3.15 Key value format for package options (HO)
))
\c@section@level=\count331
) (C:\Users\elena\AppData\Local\Programs\MiKTeX\tex/latex/etoolbox\etoolbox.sty
Package: etoolbox 2025/10/02 v2.5m e-TeX tools for LaTeX (JAW)
\etb@tempcnta=\count332
) (C:\Users\elena\AppData\Local\Programs\MiKTeX\tex/generic/stringenc\stringenc.sty
Package: stringenc 2019/11/29 v1.12 Convert strings between diff. encodings (HO)
)
\@linkdim=\dimen199
\Hy@linkcounter=\count333
\Hy@pagecounter=\count334
 (C:\Users\elena\AppData\Local\Programs\MiKTeX\tex/latex/hyperref\pd1enc.def
File: pd1enc.def 2025-07-12 v7.01o Hyperref: PDFDocEncoding definition (HO)
Now handling font encoding PD1 ...
... no UTF-8 mapping file for font encoding PD1
) (C:\Users\elena\AppData\Local\Programs\MiKTeX\tex/generic/intcalc\intcalc.sty
Package: intcalc 2019/12/15 v1.3 Expandable calculations with integers (HO)
)
\Hy@SavedSpaceFactor=\count335
 (C:\Users\elena\AppData\Local\Programs\MiKTeX\tex/latex/hyperref\puenc.def
File: puenc.def 2025-07-12 v7.01o Hyperref: PDF Unicode definition (HO)
Now handling font encoding PU ...
... no UTF-8 mapping file for font encoding PU
)
Package hyperref Info: Hyper figures OFF on input line 4195.
Package hyperref Info: Link nesting OFF on input line 4200.
Package hyperref Info: Hyper index ON on input line 4203.
Package hyperref Info: Plain pages OFF on input line 4210.
Package hyperref Info: Backreferencing OFF on input line 4215.
Package hyperref Info: Implicit mode ON; LaTeX internals redefined.
Package hyperref Info: Bookmarks ON on input line 4462.
\c@Hy@tempcnt=\count336
 (C:\Users\elena\AppData\Local\Programs\MiKTeX\tex/latex/url\url.sty
\Urlmuskip=\muskip18
Package: url 2013/09/16  ver 3.4  Verb mode for urls, etc.
)
LaTeX Info: Redefining \url on input line 4801.
\XeTeXLinkMargin=\dimen256
 (C:\Users\elena\AppData\Local\Programs\MiKTeX\tex/generic/bitset\bitset.sty
Package: bitset 2019/12/09 v1.3 Handle bit-vector datatype (HO)
 (C:\Users\elena\AppData\Local\Programs\MiKTeX\tex/generic/bigintcalc\bigintcalc.sty
Package: bigintcalc 2019/12/15 v1.5 Expandable calculations on big integers (HO)
))
\Fld@menulength=\count337
\Field@Width=\dimen257
\Fld@charsize=\dimen258
Package hyperref Info: Hyper figures OFF on input line 6078.
Package hyperref Info: Link nesting OFF on input line 6083.
Package hyperref Info: Hyper index ON on input line 6086.
Package hyperref Info: backreferencing OFF on input line 6093.
Package hyperref Info: Link coloring OFF on input line 6098.
Package hyperref Info: Link coloring with OCG OFF on input line 6103.
Package hyperref Info: PDF/A mode OFF on input line 6108.
\Hy@abspage=\count338
\c@Item=\count339
\c@Hfootnote=\count340
)
Package hyperref Info: Driver (autodetected): hpdftex.
 (C:\Users\elena\AppData\Local\Programs\MiKTeX\tex/latex/hyperref\hpdftex.def
File: hpdftex.def 2025-07-12 v7.01o Hyperref driver for pdfTeX
\Fld@listcount=\count341
\c@bookmark@seq@number=\count342
 (C:\Users\elena\AppData\Local\Programs\MiKTeX\tex/latex/rerunfilecheck\rerunfilecheck.sty
Package: rerunfilecheck 2025-06-21 v1.11 Rerun checks for auxiliary files (HO)
 (C:\Users\elena\AppData\Local\Programs\MiKTeX\tex/generic/uniquecounter\uniquecounter.sty
Package: uniquecounter 2019/12/15 v1.4 Provide unlimited unique counter (HO)
)
Package uniquecounter Info: New unique counter `rerunfilecheck' on input line 284.
)
\Hy@SectionHShift=\skip90
) (C:\Users\elena\AppData\Local\Programs\MiKTeX\tex/latex/anysize\anysize.sty
Package: anysize 1994/08/13 setting margin sizes

document style option `anysize' loaded
Michael Salzenberg, Thomas Esser, Dirk Hillbrecht
Version 1.0, Aug 13, 1994
\@Leftmargin=\dimen259
\@Rightmargin=\dimen260
\@Topmargin=\dimen261
\@Bottommargin=\dimen262
) (C:\Users\elena\AppData\Local\Programs\MiKTeX\tex/latex/caption\caption.sty
Package: caption 2023/08/05 v3.6o Customizing captions (AR)
\c@caption@flags=\count343
\c@continuedfloat=\count344
Package caption Info: float package is loaded.
Package caption Info: floatrow package is loaded.
Package caption Info: floatrow package is loaded.
Package caption Info: hyperref package is loaded.
Package caption Info: listings package is loaded.
Package caption Info: longtable package is loaded.
 (C:\Users\elena\AppData\Local\Programs\MiKTeX\tex/latex/caption\ltcaption.sty
Package: ltcaption 2021/01/08 v1.4c longtable captions (AR)
)) (C:\Users\elena\AppData\Local\Programs\MiKTeX\tex/latex/caption\subcaption.sty
Package: subcaption 2023/07/28 v1.6b Sub-captions (AR)
Package caption Info: New subtype `subfigure' on input line 238.
\c@subfigure=\count345
Package caption Info: New subtype `subtable' on input line 238.
\c@subtable=\count346
) (C:\Users\elena\AppData\Local\Programs\MiKTeX\tex/latex/footmisc\footmisc.sty
Package: footmisc 2025/05/09 v7.0b a miscellany of footnote facilities
\FN@temptoken=\toks39
\footnotemargin=\dimen263
Package footmisc Info: Declaring symbol style bringhurst on input line 549.
Package footmisc Info: Declaring symbol style chicago on input line 557.
Package footmisc Info: Declaring symbol style wiley on input line 566.
Package footmisc Info: Declaring symbol style lamport-robust on input line 577.
Package footmisc Info: Declaring symbol style lamport* on input line 597.
Package footmisc Info: Declaring symbol style lamport*-robust on input line 618.
) (C:\Users\elena\AppData\Local\Programs\MiKTeX\tex/latex/pdfpages\pdfpages.sty
Package: pdfpages 2026/03/30 v0.6h Insert pages of external PDF documents (AM)
 (C:\Users\elena\AppData\Local\Programs\MiKTeX\tex/latex/base\ifthen.sty
Package: ifthen 2024/03/16 v1.1e Standard LaTeX ifthen package (DPC)
) (C:\Users\elena\AppData\Local\Programs\MiKTeX\tex/latex/tools\calc.sty
Package: calc 2025/03/01 v4.3b Infix arithmetic (KKT,FJ)
\calc@Acount=\count347
\calc@Bcount=\count348
\calc@Adimen=\dimen264
\calc@Bdimen=\dimen265
\calc@Askip=\skip91
\calc@Bskip=\skip92
LaTeX Info: Redefining \setlength on input line 86.
LaTeX Info: Redefining \addtolength on input line 87.
\calc@Ccount=\count349
\calc@Cskip=\skip93
) (C:\Users\elena\AppData\Local\Programs\MiKTeX\tex/latex/eso-pic\eso-pic.sty
Package: eso-pic 2026/05/31 v3.0e eso-pic (RN)
\ESO@tempdima=\dimen266
\ESO@tempdimb=\dimen267
)
\AM@pagewidth=\dimen268
\AM@pageheight=\dimen269
\AM@fboxrule=\dimen270
 (C:\Users\elena\AppData\Local\Programs\MiKTeX\tex/latex/pdfpages\pppdftex.def
File: pppdftex.def 2026/03/30 v0.6h Pdfpages driver for pdfTeX (AM)
)
\pdfpages@includegraphics@status=\count350
\AM@pagebox=\box71
\AM@global@opts=\toks40
\AM@pagecnt=\count351
\AM@toc@title=\toks41
\AM@lof@heading=\toks42
\c@AM@survey=\count352
\AM@templatesizebox=\box72
)
LaTeX Font Info:    Trying to load font information for T1+bch on input line 228.
 (C:\Users\elena\AppData\Local\Programs\MiKTeX\tex/latex/psnfss\t1bch.fd
File: t1bch.fd 2004/10/18 font definitions for T1/bch.
) (proyecto.aux
LaTeX Info: Redefining \. on input line 11.
LaTeX Info: Redefining \% on input line 11.
Package babel Info: 'spanish' activates 'spanish' shorthands.
(babel)             Reported on input line 11.
)
\openout1 = `proyecto.aux'.

LaTeX Font Info:    Checking defaults for OML/cmm/m/it on input line 228.
LaTeX Font Info:    ... okay on input line 228.
LaTeX Font Info:    Checking defaults for OMS/cmsy/m/n on input line 228.
LaTeX Font Info:    ... okay on input line 228.
LaTeX Font Info:    Checking defaults for OT1/cmr/m/n on input line 228.
LaTeX Font Info:    ... okay on input line 228.
LaTeX Font Info:    Checking defaults for T1/cmr/m/n on input line 228.
LaTeX Font Info:    ... okay on input line 228.
LaTeX Font Info:    Checking defaults for TS1/cmr/m/n on input line 228.
LaTeX Font Info:    ... okay on input line 228.
LaTeX Font Info:    Checking defaults for OMX/cmex/m/n on input line 228.
LaTeX Font Info:    ... okay on input line 228.
LaTeX Font Info:    Checking defaults for U/cmr/m/n on input line 228.
LaTeX Font Info:    ... okay on input line 228.
LaTeX Font Info:    Checking defaults for T3/cmr/m/n on input line 228.
LaTeX Font Info:    Trying to load font information for T3+cmr on input line 228.
 (C:\Users\elena\AppData\Local\Programs\MiKTeX\tex/latex/tipa\t3cmr.fd
File: t3cmr.fd 2001/12/31 TIPA font definitions
)
LaTeX Font Info:    ... okay on input line 228.
LaTeX Font Info:    Checking defaults for PD1/pdf/m/n on input line 228.
LaTeX Font Info:    ... okay on input line 228.
LaTeX Font Info:    Checking defaults for PU/pdf/m/n on input line 228.
LaTeX Font Info:    ... okay on input line 228.
\c@lstlisting=\count353
LaTeX Info: Redefining \. on input line 228.
LaTeX Info: Redefining \% on input line 228.
 (C:\Users\elena\AppData\Local\Programs\MiKTeX\tex/context/base/mkii\supp-pdf.mkii
[Loading MPS to PDF converter (version 2006.09.02).]
\scratchcounter=\count354
\scratchdimen=\dimen271
\scratchbox=\box73
\nofMPsegments=\count355
\nofMParguments=\count356
\everyMPshowfont=\toks43
\MPscratchCnt=\count357
\MPscratchDim=\dimen272
\MPnumerator=\count358
\makeMPintoPDFobject=\count359
\everyMPtoPDFconversion=\toks44
) (C:\Users\elena\AppData\Local\Programs\MiKTeX\tex/latex/epstopdf-pkg\epstopdf-base.sty
Package: epstopdf-base 2020-01-24 v2.11 Base part for package epstopdf
Package epstopdf-base Info: Redefining graphics rule for `.eps' on input line 485.
 (C:\Users\elena\AppData\Local\Programs\MiKTeX\tex/latex/00miktex\epstopdf-sys.cfg
File: epstopdf-sys.cfg 2021/03/18 v2.0 Configuration of epstopdf for MiKTeX
))
Package caption Info: Begin \AtBeginDocument code.
Package caption Info: Fixing longtable code of `floatrow' package.
Package caption Info: End \AtBeginDocument code.
 (C:\Users\elena\AppData\Local\Programs\MiKTeX\tex/latex/floatrow\fr-longtable.sty
Package: fr-longtable 2007/11/28 v0.1b (beta) floatrow: additions for longtable
\flrow@LT@lasthead=\box74
\flrow@LT@prelastfoot=\box75
\c@FBLTpage=\count360
)
Package hyperref Info: Link coloring OFF on input line 228.
 (proyecto.out) (proyecto.out)
\@outlinefile=\write3
\openout3 = `proyecto.out'.

 (C:\Users\elena\AppData\Local\Programs\MiKTeX\tex/latex/pdflscape\pdflscape.sty
Package: pdflscape 2022-10-27 v0.13 Display of landscape pages in PDF
 (C:\Users\elena\AppData\Local\Programs\MiKTeX\tex/latex/pdflscape\pdflscape-nometadata.sty
Package: pdflscape-nometadata 2022-10-28 v0.13 Display of landscape pages in PDF (HO)
 (C:\Users\elena\AppData\Local\Programs\MiKTeX\tex/latex/graphics\lscape.sty
Package: lscape 2020/05/28 v3.02 Landscape Pages (DPC)
)
Package pdflscape Info: Auto-detected driver: pdftex on input line 81.
)) (00_portada/portada.tex
\centeroffset=\skip94
<imagenes/UVa_logo.png, id=243, 690.58pt x 218.8175pt>
File: imagenes/UVa_logo.png Graphic file (type png)
<use imagenes/UVa_logo.png>
Package pdftex.def Info: imagenes/UVa_logo.png  used on input line 11.
(pdftex.def)             Requested size: 248.96162pt x 78.88441pt.
 [1


{C:/Users/elena/AppData/Local/MiKTeX/fonts/map/pdftex/pdftex.map}{C:/Users/elena/AppData/Local/Programs/MiKTeX/fonts/enc/dvips/base/8r.enc} <./imagenes/UVa_logo.png>]) (05_prefacios/prefacio.tex (05_prefacios/dedicatoria.tex [2

]) (05_prefacios/agradecimientos.tex [3

] [4

]) [5

] [6

] [7] [8

]) [9] [10

] (proyecto.toc
LaTeX Info: Redefining \. on input line 1.
LaTeX Info: Redefining \% on input line 1.
 [1

]
LaTeX Font Info:    Trying to load font information for TS1+bch on input line 50.
 (C:\Users\elena\AppData\Local\Programs\MiKTeX\tex/latex/psnfss\ts1bch.fd
File: ts1bch.fd 2004/10/18 font definitions for TS1/bch.
))
\tf@toc=\write4
\openout4 = `proyecto.toc'.

LaTeX Info: Redefining \. on input line 234.
LaTeX Info: Redefining \% on input line 234.
Package babel Info: 'spanish' activates 'spanish' shorthands.
(babel)             Reported on input line 234.
 [2] (proyecto.lof
LaTeX Info: Redefining \. on input line 1.
LaTeX Info: Redefining \% on input line 1.
)
\tf@lof=\write5
\openout5 = `proyecto.lof'.

 [3

] [4

] (proyecto.lot
LaTeX Info: Redefining \. on input line 1.
LaTeX Info: Redefining \% on input line 1.
)
\tf@lot=\write6
\openout6 = `proyecto.lot'.

 [5] [6

]
Cap\'{\i }tulo 1.
(10_introduccion/1_contexto.tex
pdfTeX warning (ext4): destination with the same identifier (name{page.1}) has been already used, duplicate ignored
<to be read again> 
                   \relax 
l.10 
      [1

]) (10_introduccion/2_motivacion.tex) (10_introduccion/3_estado_cuestion.tex
LaTeX Info: Redefining \. on input line 4.
LaTeX Info: Redefining \% on input line 4.

pdfTeX warning (ext4): destination with the same identifier (name{page.2}) has been already used, duplicate ignored
<to be read again> 
                   \relax 
l.4 
     [2]
<imagenes/el_penitente.png, id=517, 468.24937pt x 152.67038pt>
File: imagenes/el_penitente.png Graphic file (type png)
<use imagenes/el_penitente.png>
Package pdftex.def Info: imagenes/el_penitente.png  used on input line 13.
(pdftex.def)             Requested size: 448.12788pt x 146.11694pt.
<imagenes/valladolid_cofrade.jpg, id=523, 722.7pt x 1445.4pt>
File: imagenes/valladolid_cofrade.jpg Graphic file (type jpg)
<use imagenes/valladolid_cofrade.jpg>
Package pdftex.def Info: imagenes/valladolid_cofrade.jpg  used on input line 24.
(pdftex.def)             Requested size: 199.16626pt x 398.33534pt.

Underfull \vbox (badness 10000) has occurred while \output is active []

LaTeX Info: Redefining \. on input line 28.
LaTeX Info: Redefining \% on input line 28.

pdfTeX warning (ext4): destination with the same identifier (name{page.3}) has been already used, duplicate ignored
<to be read again> 
                   \relax 
l.28 
      [3 <./imagenes/el_penitente.png>]
Underfull \vbox (badness 6236) has occurred while \output is active []

LaTeX Info: Redefining \. on input line 35.
LaTeX Info: Redefining \% on input line 35.

pdfTeX warning (ext4): destination with the same identifier (name{page.4}) has been already used, duplicate ignored
<to be read again> 
                   \relax 
l.35 A
      demĂˇs de las aplicaciones, los usuarios tambiĂ©n hacen uso de las pub... [4 <./imagenes/valladolid_cofrade.jpg>]
<imagenes/googlemaps.jpeg, id=542, 451.6875pt x 495.8525pt>
File: imagenes/googlemaps.jpeg Graphic file (type jpg)
<use imagenes/googlemaps.jpeg>
Package pdftex.def Info: imagenes/googlemaps.jpeg  used on input line 43.
(pdftex.def)             Requested size: 298.75697pt x 327.99pt.
<imagenes/uber.png, id=545, 2007.5pt x 1129.21875pt>
File: imagenes/uber.png Graphic file (type png)
<use imagenes/uber.png>
Package pdftex.def Info: imagenes/uber.png  used on input line 52.
(pdftex.def)             Requested size: 398.3401pt x 224.065pt.

Underfull \vbox (badness 10000) has occurred while \output is active []

LaTeX Info: Redefining \. on input line 56.
LaTeX Info: Redefining \% on input line 56.

pdfTeX warning (ext4): destination with the same identifier (name{page.5}) has been already used, duplicate ignored
<to be read again> 
                   \relax 
l.56 
      [5 <./imagenes/googlemaps.jpeg>]) (10_introduccion/4_objetivos.tex
LaTeX Info: Redefining \. on input line 9.
LaTeX Info: Redefining \% on input line 9.

pdfTeX warning (ext4): destination with the same identifier (name{page.6}) has been already used, duplicate ignored
<to be read again> 
                   \relax 
l.9 \item P
           roporcionar acceso a la informaciĂłn general relacionada con la S... [6 <./imagenes/uber.png>]) (10_introduccion/5_estructura.tex
Overfull \hbox (14.22636pt too wide) in paragraph at lines 3--4
[][][][][][][] 
 []

LaTeX Info: Redefining \. on input line 19.
LaTeX Info: Redefining \% on input line 19.

pdfTeX warning (ext4): destination with the same identifier (name{page.7}) has been already used, duplicate ignored
<to be read again> 
                   \relax 
l.19 
      [7])
LaTeX Info: Redefining \. on input line 252.
LaTeX Info: Redefining \% on input line 252.

pdfTeX warning (ext4): destination with the same identifier (name{page.8}) has been already used, duplicate ignored
<to be read again> 
                   \relax 
l.252 \chapter
              {PlanificaciĂłn}\label{cap:planificacion} [8]
Cap\'{\i }tulo 2.
(30_planificacion/1_metodologia.tex) (30_planificacion/2_planificacion_extensa.tex
<imagenes/DiagramaGantBig.png, id=566, 1175.89313pt x 1113.40968pt>
File: imagenes/DiagramaGantBig.png Graphic file (type png)
<use imagenes/DiagramaGantBig.png>
Package pdftex.def Info: imagenes/DiagramaGantBig.png  used on input line 9.
(pdftex.def)             Requested size: 497.92325pt x 471.46844pt.

pdfTeX warning (ext4): destination with the same identifier (name{page.9}) has been already used, duplicate ignored
<to be read again> 
                   \relax 
l.13 
      [9

]
LaTeX Info: Redefining \. on input line 21.
LaTeX Info: Redefining \% on input line 21.

pdfTeX warning (ext4): destination with the same identifier (name{page.10}) has been already used, duplicate ignored
<to be read again> 
                   \relax 
l.21 
      [10 <./imagenes/DiagramaGantBig.png>]
LaTeX Info: Redefining \. on input line 39.
LaTeX Info: Redefining \% on input line 39.
 [11]) (30_planificacion/3_riesgos.tex
Overfull \hbox (36.27377pt too wide) in paragraph at lines 15--40
 [][] 
 []

LaTeX Info: Redefining \. on input line 47.
LaTeX Info: Redefining \% on input line 47.
[12]) (30_planificacion/4_seguimiento_proyecto.tex
Overfull \hbox (14.22636pt too wide) in paragraph at lines 3--11
[][][][][][][] 
 []

LaTeX Info: Redefining \. on input line 16.
LaTeX Info: Redefining \% on input line 16.
[13]
Underfull \vbox (badness 10000) has occurred while \output is active []

LaTeX Info: Redefining \. on input line 16.
LaTeX Info: Redefining \% on input line 16.
 [14]) (30_planificacion/5_costes.tex
Overfull \hbox (14.22636pt too wide) in paragraph at lines 16--1
[][][][][][][]
 []


Underfull \hbox (badness 10000) in paragraph at lines 16--1

 []

LaTeX Info: Redefining \. on input line 10.
LaTeX Info: Redefining \% on input line 10.
[15]
Overfull \hbox (36.46088pt too wide) in paragraph at lines 60--71
 [][] 
 []

LaTeX Info: Redefining \. on input line 73.
LaTeX Info: Redefining \% on input line 73.
[16]
LaTeX Info: Redefining \. on input line 119.
LaTeX Info: Redefining \% on input line 119.
 [17])
LaTeX Info: Redefining \. on input line 259.
LaTeX Info: Redefining \% on input line 259.
 [18]
Cap\'{\i }tulo 3.
(40_analisis/1_usuarios.tex [19

]) (40_analisis/2_requisistos.tex
LaTeX Info: Redefining \. on input line 11.
LaTeX Info: Redefining \% on input line 11.
 [20]
LaTeX Info: Redefining \. on input line 47.
LaTeX Info: Redefining \% on input line 47.
 [21]
LaTeX Info: Redefining \. on input line 83.
LaTeX Info: Redefining \% on input line 83.
 [22]
LaTeX Info: Redefining \. on input line 126.
LaTeX Info: Redefining \% on input line 126.
 [23]
Overfull \hbox (45.90979pt too wide) in paragraph at lines 164--166
[]\T1/bch/b/n/10.95 RI-09 \T1/bch/m/it/10.95 (Prio-ri-dad: Al-ta) \T1/bch/m/n/10.95 El sis-te-ma de-be al-ma-ce-nar la in-for-ma-ción so-bre las Jun-tas de Co-fra-días/hermandades: 
 []

LaTeX Info: Redefining \. on input line 170.
LaTeX Info: Redefining \% on input line 170.
[24]
LaTeX Info: Redefining \. on input line 213.
LaTeX Info: Redefining \% on input line 213.
 [25]) (40_analisis/4_modelo_de_dominio.tex
LaTeX Info: Redefining \. on input line 5.
LaTeX Info: Redefining \% on input line 5.
 [26]
<imagenes/DiagramaDeDominio.png, id=731, 565.36218pt x 592.46344pt>
File: imagenes/DiagramaDeDominio.png Graphic file (type png)
<use imagenes/DiagramaDeDominio.png>
Package pdftex.def Info: imagenes/DiagramaDeDominio.png  used on input line 8.
(pdftex.def)             Requested size: 497.93434pt x 521.80338pt.

Underfull \vbox (badness 10000) has occurred while \output is active []

 [27

 <./imagenes/DiagramaDeDominio.png>]

LaTeX Warning: File `imagenes/DiagramaDetalladoDeDominio.png' not found on input line 27.


40_analisis/4_modelo_de_dominio.tex:27: Package pdftex.def Error: File `imagenes/DiagramaDetalladoDeDominio.png' not found: using draft setting.

See the pdftex.def package documentation for explanation.
Type  H <return>  for immediate help.
 ...                                              
                                                  
l.27 ...]{imagenes/DiagramaDetalladoDeDominio.png}
                                                  
Try typing  <return>  to proceed.
If that doesn't work, type  X <return>  to quit.


Underfull \vbox (badness 10000) has occurred while \output is active []

LaTeX Info: Redefining \. on input line 31.
LaTeX Info: Redefining \% on input line 31.
 [28]
LaTeX Info: Redefining \. on input line 37.
LaTeX Info: Redefining \% on input line 37.
 [29]
<imagenes/DSCasoUsoVerProcesion.png, id=749, 360.44662pt x 212.29312pt>
File: imagenes/DSCasoUsoVerProcesion.png Graphic file (type png)
<use imagenes/DSCasoUsoVerProcesion.png>
Package pdftex.def Info: imagenes/DSCasoUsoVerProcesion.png  used on input line 40.
(pdftex.def)             Requested size: 497.92325pt x 293.26932pt.
<imagenes/DSCasoUsoCompartirUbi.png, id=751, 270.10913pt x 218.91788pt>
File: imagenes/DSCasoUsoCompartirUbi.png Graphic file (type png)
<use imagenes/DSCasoUsoCompartirUbi.png>
Package pdftex.def Info: imagenes/DSCasoUsoCompartirUbi.png  used on input line 49.
(pdftex.def)             Requested size: 497.92325pt x 403.5754pt.

Underfull \vbox (badness 10000) has occurred while \output is active []

LaTeX Info: Redefining \. on input line 53.
LaTeX Info: Redefining \% on input line 53.
 [30 <./imagenes/DSCasoUsoVerProcesion.png>]
<imagenes/DSCasoUsoAccesoCofrade.png, id=758, 373.395pt x 243.91125pt>
File: imagenes/DSCasoUsoAccesoCofrade.png Graphic file (type png)
<use imagenes/DSCasoUsoAccesoCofrade.png>
Package pdftex.def Info: imagenes/DSCasoUsoAccesoCofrade.png  used on input line 58.
(pdftex.def)             Requested size: 497.92325pt x 325.27249pt.

Underfull \vbox (badness 10000) has occurred while \output is active []

LaTeX Info: Redefining \. on input line 62.
LaTeX Info: Redefining \% on input line 62.
 [31 <./imagenes/DSCasoUsoCompartirUbi.png>]
<imagenes/DSCasoUsoCrearCiudad.png, id=765, 285.16537pt x 210.7875pt>
File: imagenes/DSCasoUsoCrearCiudad.png Graphic file (type png)
<use imagenes/DSCasoUsoCrearCiudad.png>
Package pdftex.def Info: imagenes/DSCasoUsoCrearCiudad.png  used on input line 67.
(pdftex.def)             Requested size: 497.92325pt x 368.06348pt.

Underfull \vbox (badness 10000) has occurred while \output is active []

LaTeX Info: Redefining \. on input line 71.
LaTeX Info: Redefining \% on input line 71.
 [32 <./imagenes/DSCasoUsoAccesoCofrade.png>])
LaTeX Info: Redefining \. on input line 265.
LaTeX Info: Redefining \% on input line 265.
 [33 <./imagenes/DSCasoUsoCrearCiudad.png>] [34

]
Cap\'{\i }tulo 4.
(50_iteraciones/1_iteracion.tex [35]
LaTeX Info: Redefining \. on input line 27.
LaTeX Info: Redefining \% on input line 27.
 [36]
<imagenes/Dragrama de aplicacion front-end.png, id=815, 165.61874pt x 428.802pt>
File: imagenes/Dragrama de aplicacion front-end.png Graphic file (type png)
<use imagenes/Dragrama de aplicacion front-end.png>
Package pdftex.def Info: imagenes/Dragrama de aplicacion front-end.png  used on input line 36.
(pdftex.def)             Requested size: 224.06393pt x 580.15323pt.

Underfull \vbox (badness 10000) has occurred while \output is active []

LaTeX Info: Redefining \. on input line 40.
LaTeX Info: Redefining \% on input line 40.
 [37]
LaTeX Info: Redefining \. on input line 47.
LaTeX Info: Redefining \% on input line 47.
 [38 <./imagenes/Dragrama de aplicacion front-end.png>]
<imagenes/Diagrama de despliegue.png, id=832, 169.23225pt x 338.4645pt>
File: imagenes/Diagrama de despliegue.png Graphic file (type png)
<use imagenes/Diagrama de despliegue.png>
Package pdftex.def Info: imagenes/Diagrama de despliegue.png  used on input line 58.
(pdftex.def)             Requested size: 224.06393pt x 448.15862pt.

Underfull \vbox (badness 10000) has occurred while \output is active []

LaTeX Info: Redefining \. on input line 62.
LaTeX Info: Redefining \% on input line 62.
 [39]
LaTeX Info: Redefining \. on input line 69.
LaTeX Info: Redefining \% on input line 69.
 [40 <./imagenes/Diagrama de despliegue.png>]
<imagenes/diagrama_dominio_simplificado.png, id=853, 214.401pt x 155.07938pt>
File: imagenes/diagrama_dominio_simplificado.png Graphic file (type png)
<use imagenes/diagrama_dominio_simplificado.png>
Package pdftex.def Info: imagenes/diagrama_dominio_simplificado.png  used on input line 77.
(pdftex.def)             Requested size: 224.06393pt x 162.0738pt.

Underfull \vbox (badness 10000) has occurred while \output is active []

LaTeX Info: Redefining \. on input line 81.
LaTeX Info: Redefining \% on input line 81.
 [41]
<imagenes/eleguirCiudad.png, id=860, 81.906pt x 180.675pt>
File: imagenes/eleguirCiudad.png Graphic file (type png)
<use imagenes/eleguirCiudad.png>
Package pdftex.def Info: imagenes/eleguirCiudad.png  used on input line 94.
(pdftex.def)             Requested size: 224.06393pt x 494.349pt.

Underfull \vbox (badness 10000) has occurred while \output is active []

LaTeX Info: Redefining \. on input line 98.
LaTeX Info: Redefining \% on input line 98.
 [42 <./imagenes/diagrama_dominio_simplificado.png>]
<imagenes/inicio.png, id=870, 80.40038pt x 179.77162pt>
File: imagenes/inicio.png Graphic file (type png)
<use imagenes/inicio.png>
Package pdftex.def Info: imagenes/inicio.png  used on input line 105.
(pdftex.def)             Requested size: 224.06393pt x 501.0556pt.

Underfull \vbox (badness 10000) has occurred while \output is active []

LaTeX Info: Redefining \. on input line 109.
LaTeX Info: Redefining \% on input line 109.
 [43 <./imagenes/eleguirCiudad.png>]
<imagenes/inicioFav.png, id=877, 213.79875pt x 456.80663pt>
File: imagenes/inicioFav.png Graphic file (type png)
<use imagenes/inicioFav.png>
Package pdftex.def Info: imagenes/inicioFav.png  used on input line 112.
(pdftex.def)             Requested size: 224.06393pt x 478.74103pt.

Underfull \vbox (badness 10000) has occurred while \output is active []

LaTeX Info: Redefining \. on input line 116.
LaTeX Info: Redefining \% on input line 116.
 [44 <./imagenes/inicio.png>]
<imagenes/cofradia.png, id=883, 209.28188pt x 453.19313pt>
File: imagenes/cofradia.png Graphic file (type png)
<use imagenes/cofradia.png>
Package pdftex.def Info: imagenes/cofradia.png  used on input line 124.
(pdftex.def)             Requested size: 224.06393pt x 485.20229pt.

Underfull \vbox (badness 10000) has occurred while \output is active []

LaTeX Info: Redefining \. on input line 128.
LaTeX Info: Redefining \% on input line 128.
 [45 <./imagenes/inicioFav.png>]
<imagenes/cofradiaInfo.png, id=891, 206.27063pt x 453.19313pt>
File: imagenes/cofradiaInfo.png Graphic file (type png)
<use imagenes/cofradiaInfo.png>
Package pdftex.def Info: imagenes/cofradiaInfo.png  used on input line 131.
(pdftex.def)             Requested size: 224.06393pt x 492.29033pt.

Underfull \vbox (badness 10000) has occurred while \output is active []

LaTeX Info: Redefining \. on input line 135.
LaTeX Info: Redefining \% on input line 135.
 [46 <./imagenes/cofradia.png>]
<imagenes/procesionDetalles.png, id=897, 206.27063pt x 451.6875pt>
File: imagenes/procesionDetalles.png Graphic file (type png)
<use imagenes/procesionDetalles.png>
Package pdftex.def Info: imagenes/procesionDetalles.png  used on input line 138.
(pdftex.def)             Requested size: 224.06393pt x 490.6548pt.

Underfull \vbox (badness 10000) has occurred while \output is active []

LaTeX Info: Redefining \. on input line 142.
LaTeX Info: Redefining \% on input line 142.
 [47 <./imagenes/cofradiaInfo.png>]
<imagenes/buscar.png, id=903, 212.29312pt x 453.19313pt>
File: imagenes/buscar.png Graphic file (type png)
<use imagenes/buscar.png>
Package pdftex.def Info: imagenes/buscar.png  used on input line 149.
(pdftex.def)             Requested size: 224.06393pt x 478.34245pt.

Underfull \vbox (badness 10000) has occurred while \output is active []

LaTeX Info: Redefining \. on input line 153.
LaTeX Info: Redefining \% on input line 153.
 [48 <./imagenes/procesionDetalles.png>]
<imagenes/buscarProcesiones.png, id=910, 214.401pt x 453.79538pt>
File: imagenes/buscarProcesiones.png Graphic file (type png)
<use imagenes/buscarProcesiones.png>
Package pdftex.def Info: imagenes/buscarProcesiones.png  used on input line 156.
(pdftex.def)             Requested size: 224.06393pt x 474.26263pt.

Underfull \vbox (badness 10000) has occurred while \output is active []

LaTeX Info: Redefining \. on input line 160.
LaTeX Info: Redefining \% on input line 160.
 [49 <./imagenes/buscar.png>]
<imagenes/buscarEditada.png, id=916, 205.36725pt x 454.69875pt>
File: imagenes/buscarEditada.png Graphic file (type png)
<use imagenes/buscarEditada.png>
Package pdftex.def Info: imagenes/buscarEditada.png  used on input line 163.
(pdftex.def)             Requested size: 224.06393pt x 496.11136pt.

Underfull \vbox (badness 10000) has occurred while \output is active []

LaTeX Info: Redefining \. on input line 167.
LaTeX Info: Redefining \% on input line 167.
 [50 <./imagenes/buscarProcesiones.png>]
<imagenes/mapa.png, id=922, 207.77625pt x 453.19313pt>
File: imagenes/mapa.png Graphic file (type png)
<use imagenes/mapa.png>
Package pdftex.def Info: imagenes/mapa.png  used on input line 170.
(pdftex.def)             Requested size: 224.06393pt x 488.74286pt.

Underfull \vbox (badness 10000) has occurred while \output is active []

LaTeX Info: Redefining \. on input line 174.
LaTeX Info: Redefining \% on input line 174.
 [51 <./imagenes/buscarEditada.png>]
<imagenes/perfil.png, id=929, 210.7875pt x 456.5055pt>
File: imagenes/perfil.png Graphic file (type png)
<use imagenes/perfil.png>
Package pdftex.def Info: imagenes/perfil.png  used on input line 177.
(pdftex.def)             Requested size: 224.06393pt x 485.26576pt.

Underfull \vbox (badness 10000) has occurred while \output is active []

LaTeX Info: Redefining \. on input line 181.
LaTeX Info: Redefining \% on input line 181.
 [52 <./imagenes/mapa.png>]
<imagenes/perfilCofrade.png, id=935, 207.77625pt x 453.19313pt>
File: imagenes/perfilCofrade.png Graphic file (type png)
<use imagenes/perfilCofrade.png>
Package pdftex.def Info: imagenes/perfilCofrade.png  used on input line 184.
(pdftex.def)             Requested size: 224.06393pt x 488.74286pt.

Underfull \vbox (badness 10000) has occurred while \output is active []

LaTeX Info: Redefining \. on input line 188.
LaTeX Info: Redefining \% on input line 188.
 [53 <./imagenes/perfil.png>]
LaTeX Info: Redefining \. on input line 192.
LaTeX Info: Redefining \% on input line 192.
 [54 <./imagenes/perfilCofrade.png>]) (50_iteraciones/2_iteracion.tex) (50_iteraciones/3_iteracion.tex) (50_iteraciones/4_iteracion4.tex)
LaTeX Info: Redefining \. on input line 270.
LaTeX Info: Redefining \% on input line 270.
 [55]
LaTeX Info: Redefining \. on input line 270.
LaTeX Info: Redefining \% on input line 270.
 [56] (60_estado/1_estado.tex
Cap\'{\i }tulo 5.

Package hyperref Warning: Difference (2) between bookmark levels is greater 
(hyperref)                than one, level fixed on input line 6.

) (70_pruebas/1_pruebas.tex [57


] [58

]
Cap\'{\i }tulo 6.
) (80_conclusiones/1_conclusiones.tex [59] [60

]
Cap\'{\i }tulo 7.
[61])
LaTeX Info: Redefining \. on input line 282.
LaTeX Info: Redefining \% on input line 282.
 [62] [63

] [64] (proyecto.bbl
Underfull \hbox (badness 10000) in paragraph at lines 26--31
\T1/cmtt/m/n/10.95 2026 / 3660 -[] lanzamos -[] la -[] nueva -[] app -[] de -[] valladolid -[] cofrade -[] toda -[] la -[] semana -[] santa -[] 2026 -[]
 []


Underfull \hbox (badness 3428) in paragraph at lines 60--64
[]\T1/bch/m/n/10.95 I. Som-mer-vi-lle, \T1/bch/m/it/10.95 Soft-wa-re En-gi-nee-ring\T1/bch/m/n/10.95 .  Bos-ton, MA: Pear-son, 10 ed., 2015.  []$\T1/cmtt/m/n/10.95 https :
 []


Underfull \hbox (badness 10000) in paragraph at lines 60--64
\T1/cmtt/m/n/10.95 / / dn790001 . ca . archive . org / 0 / items / bme -[] vik -[] konyvek / Software % 20Engineering % 20 -[]
 []

[65

]
Underfull \hbox (badness 1168) in paragraph at lines 71--75
[]\T1/bch/m/n/10.95 IEEE, ``IEEE Std 29148-2018: Sys-tems and soft-wa-re en-gi-nee-ring --- re-qui-re-ments en-gi-nee-
 []


Underfull \hbox (badness 3271) in paragraph at lines 89--93
[]\T1/bch/m/n/10.95 OWASP Foun-da-tion, ``Ac-cess con-trol cheat sheet.'' []$\T1/cmtt/m/n/10.95 https : / / cheatsheetseries . owasp . org /
 []


Underfull \hbox (badness 5105) in paragraph at lines 105--108
[]\T1/bch/m/n/10.95 OpenStreetMap Foun-da-tion, ``Opens-treet-map --- ma-pa li-bre del mun-do.'' []$\T1/cmtt/m/n/10.95 https : / / www .
 []


Underfull \hbox (badness 1205) in paragraph at lines 115--118
[]\T1/bch/m/n/10.95 Google Fi-re-ba-se, ``Fi-re-ba-se cloud mes-sa-ging --- do-cu-men-ta-ción ofi-cial.'' []$\T1/cmtt/m/n/10.95 https : / / firebase .
 []


Underfull \hbox (badness 4726) in paragraph at lines 126--130
[]\T1/bch/m/n/10.95 Glassdoor, ``Suel-do: Ana-lis-ta fun-cio-nal en es-pa-ńa.'' []$\T1/cmtt/m/n/10.95 https : / / www . glassdoor . es / Sueldos /
 []


Underfull \hbox (badness 3364) in paragraph at lines 138--142
[]\T1/bch/m/n/10.95 Glassdoor, ``Suel-do: Bac-kend de-ve-lo-per en es-pa-ńa.'' []$\T1/cmtt/m/n/10.95 https : / / www . glassdoor . es / Sueldos /
 []

LaTeX Info: Redefining \. on input line 162.
LaTeX Info: Redefining \% on input line 162.
[66]
Underfull \hbox (badness 1648) in paragraph at lines 186--189
[]\T1/bch/m/n/10.95 Meta Plat-forms, ``React na-ti-ve --- do-cu-men-ta-ción ofi-cial.'' []$\T1/cmtt/m/n/10.95 https : / / reactnative . dev / docs /
 []

)
LaTeX Info: Redefining \. on input line 299.
LaTeX Info: Redefining \% on input line 299.
 [67] [68

] [69] [70] (apendices/acronimos.tex
Ap\'{e}ndice A.
) (apendices/casosDeUsoAdiccionales.tex [71

] [72

]
Ap\'{e}ndice B.

LaTeX Warning: Reference `cap:casos_de_uso' on page 73 undefined on input line 3.


Underfull \hbox (badness 2213) in paragraph at lines 35--35
[]|\T1/bch/b/n/10.95 Requisitos Re-la-cio-na-
 []


Underfull \hbox (badness 2213) in paragraph at lines 76--76
[]|\T1/bch/b/n/10.95 Requisitos Re-la-cio-na-
 []


LaTeX Warning: `!h' float specifier changed to `!ht'.


Underfull \hbox (badness 2213) in paragraph at lines 113--113
[]|\T1/bch/b/n/10.95 Requisitos Re-la-cio-na-
 []


LaTeX Warning: `!h' float specifier changed to `!ht'.


Underfull \hbox (badness 2213) in paragraph at lines 150--150
[]|\T1/bch/b/n/10.95 Requisitos Re-la-cio-na-
 []


LaTeX Warning: `!h' float specifier changed to `!ht'.


Underfull \hbox (badness 2213) in paragraph at lines 189--189
[]|\T1/bch/b/n/10.95 Requisitos Re-la-cio-na-
 []


LaTeX Warning: `!h' float specifier changed to `!ht'.


Underfull \hbox (badness 2213) in paragraph at lines 232--232
[]|\T1/bch/b/n/10.95 Requisitos Re-la-cio-na-
 []


LaTeX Warning: `!h' float specifier changed to `!ht'.


Underfull \hbox (badness 2213) in paragraph at lines 279--279
[]|\T1/bch/b/n/10.95 Requisitos Re-la-cio-na-
 []


LaTeX Warning: `!h' float specifier changed to `!ht'.


Underfull \hbox (badness 2213) in paragraph at lines 336--336
[]|\T1/bch/b/n/10.95 Requisitos Re-la-cio-na-
 []


LaTeX Warning: `!h' float specifier changed to `!ht'.


Underfull \hbox (badness 2213) in paragraph at lines 389--389
[]|\T1/bch/b/n/10.95 Requisitos Re-la-cio-na-
 []


LaTeX Warning: `!h' float specifier changed to `!ht'.


Underfull \hbox (badness 2213) in paragraph at lines 448--448
[]|\T1/bch/b/n/10.95 Requisitos Re-la-cio-na-
 []


LaTeX Warning: `!h' float specifier changed to `!ht'.


Underfull \hbox (badness 2213) in paragraph at lines 491--491
[]|\T1/bch/b/n/10.95 Requisitos Re-la-cio-na-
 []


LaTeX Warning: `!h' float specifier changed to `!ht'.


Underfull \hbox (badness 2213) in paragraph at lines 532--532
[]|\T1/bch/b/n/10.95 Requisitos Re-la-cio-na-
 []


LaTeX Warning: `!h' float specifier changed to `!ht'.


Underfull \hbox (badness 2213) in paragraph at lines 575--575
[]|\T1/bch/b/n/10.95 Requisitos Re-la-cio-na-
 []


LaTeX Warning: `!h' float specifier changed to `!ht'.


Underfull \hbox (badness 2213) in paragraph at lines 615--615
[]|\T1/bch/b/n/10.95 Requisitos Re-la-cio-na-
 []


LaTeX Warning: `!h' float specifier changed to `!ht'.


Underfull \hbox (badness 2213) in paragraph at lines 658--658
[]|\T1/bch/b/n/10.95 Requisitos Re-la-cio-na-
 []


LaTeX Warning: `!h' float specifier changed to `!ht'.

) (apendices/manual_despliegue.tex [73] [74]
LaTeX Info: Redefining \. on input line 1.
LaTeX Info: Redefining \% on input line 1.
 [75] [76]
LaTeX Info: Redefining \. on input line 1.
LaTeX Info: Redefining \% on input line 1.
 [77] [78]
LaTeX Info: Redefining \. on input line 1.
LaTeX Info: Redefining \% on input line 1.
 [79] [80]
LaTeX Info: Redefining \. on input line 1.
LaTeX Info: Redefining \% on input line 1.
 [81] [82]
LaTeX Info: Redefining \. on input line 1.
LaTeX Info: Redefining \% on input line 1.
 [83] [84]
LaTeX Info: Redefining \. on input line 1.
LaTeX Info: Redefining \% on input line 1.
 [85] [86]
Ap\'{e}ndice C.
) (apendices/manual_usuario.tex [87

] [88

]
Ap\'{e}ndice D.
) (apendices/contenido_CD.tex [89] [90

]
Ap\'{e}ndice E.
) [91] [92

] [93] (proyecto.aux
LaTeX Info: Redefining \. on input line 11.
LaTeX Info: Redefining \% on input line 11.
)
 ***********
LaTeX2e <2025-11-01>
L3 programming layer <2025-12-24>
 ***********


LaTeX Warning: There were undefined references.

Package rerunfilecheck Info: File `proyecto.out' has not changed.
(rerunfilecheck)             Checksum: 8EBB27F61BC9BF41453FB7142D3FB553;9226.
 ) 
Here is how much of TeX's memory you used:
 19279 strings out of 467871
 320980 string characters out of 5418376
 881480 words of memory out of 5000000
 47447 multiletter control sequences out of 15000+600000
 693835 words of font info for 102 fonts, out of 8000000 for 9000
 1141 hyphenation exceptions out of 8191
 75i,19n,83p,1565b,812s stack positions out of 10000i,1000n,20000p,200000b,200000s
 <C:\Users\elena\AppData\Local\MiKTeX\fonts/pk/ljfour/jknappen/ec/dpi600\ectt1095.pk><C:/Users/elena/AppData/Local/Programs/MiKTeX/fonts/type1/bitstrea/charter/bchb8a.pfb><C:/Users/elena/AppData/Local/Programs/MiKTeX/fonts/type1/bitstrea/charter/bchr8a.pfb><C:/Users/elena/AppData/Local/Programs/MiKTeX/fonts/type1/bitstrea/charter/bchri8a.pfb><C:/Users/elena/AppData/Local/Programs/MiKTeX/fonts/type1/public/amsfonts/cm/cmmi10.pfb><C:/Users/elena/AppData/Local/Programs/MiKTeX/fonts/type1/public/amsfonts/cm/cmr10.pfb><C:/Users/elena/AppData/Local/Programs/MiKTeX/fonts/type1/public/amsfonts/cm/cmsy10.pfb>
Output written on proyecto.pdf (109 pages, 4690236 bytes).
PDF statistics:
 1358 PDF objects out of 1440 (max. 8388607)
 301 named destinations out of 1000 (max. 500000)
 611 words of extra memory for PDF output out of 10000 (max. 10000000)

